2024-03-28 10:47:22.308  INFO 3232 --- [main] c.r.centerctrl.CenterctrlApplication     : Starting CenterctrlApplication using Java 1.8.0_391 on jjq with PID 3232 (D:\Repositories\中控web实现\center-ctrl-backend\target\classes started by Administrator in D:\Repositories\中控web实现\center-ctrl-backend)
2024-03-28 10:47:22.312  INFO 3232 --- [main] c.r.centerctrl.CenterctrlApplication     : No active profile set, falling back to 1 default profile: "default"
2024-03-28 10:47:22.788  INFO 3232 --- [main] .s.d.r.c.RepositoryConfigurationDelegate : Bootstrapping Spring Data JPA repositories in DEFAULT mode.
2024-03-28 10:47:22.803  INFO 3232 --- [main] .s.d.r.c.RepositoryConfigurationDelegate : Finished Spring Data repository scanning in 7 ms. Found 0 JPA repository interfaces.
2024-03-28 10:47:23.105  INFO 3232 --- [main] o.s.b.w.embedded.tomcat.TomcatWebServer  : Tomcat initialized with port(s): 8081 (http)
2024-03-28 10:47:23.113  INFO 3232 --- [main] o.apache.catalina.core.StandardService   : Starting service [Tomcat]
2024-03-28 10:47:23.114  INFO 3232 --- [main] org.apache.catalina.core.StandardEngine  : Starting Servlet engine: [Apache Tomcat/9.0.68]
2024-03-28 10:47:23.224  INFO 3232 --- [main] o.a.c.c.C.[Tomcat].[localhost].[/]       : Initializing Spring embedded WebApplicationContext
2024-03-28 10:47:23.224  INFO 3232 --- [main] w.s.c.ServletWebServerApplicationContext : Root WebApplicationContext: initialization completed in 887 ms
2024-03-28 10:47:23.239  INFO 3232 --- [main] com.zaxxer.hikari.HikariDataSource       : HikariPool-1 - Starting...
2024-03-28 10:47:23.331  INFO 3232 --- [main] com.zaxxer.hikari.HikariDataSource       : HikariPool-1 - Start completed.
2024-03-28 10:47:23.338  INFO 3232 --- [main] o.s.b.a.h2.H2ConsoleAutoConfiguration    : H2 console available at '/h2-console'. Database available at 'jdbc:h2:file:./emdata/dispatch'
2024-03-28 10:47:23.477  INFO 3232 --- [main] o.hibernate.jpa.internal.util.LogHelper  : HHH000204: Processing PersistenceUnitInfo [name: default]
2024-03-28 10:47:23.507  INFO 3232 --- [main] org.hibernate.Version                    : HHH000412: Hibernate ORM core version 5.6.12.Final
2024-03-28 10:47:23.637  INFO 3232 --- [main] o.hibernate.annotations.common.Version   : HCANN000001: Hibernate Commons Annotations {5.1.2.Final}
2024-03-28 10:47:23.729  INFO 3232 --- [main] org.hibernate.dialect.Dialect            : HHH000400: Using dialect: org.hibernate.dialect.H2Dialect
2024-03-28 10:47:23.906  INFO 3232 --- [main] o.h.e.t.j.p.i.JtaPlatformInitiator       : HHH000490: Using JtaPlatform implementation: [org.hibernate.engine.transaction.jta.platform.internal.NoJtaPlatform]
2024-03-28 10:47:23.912  INFO 3232 --- [main] j.LocalContainerEntityManagerFactoryBean : Initialized JPA EntityManagerFactory for persistence unit 'default'
2024-03-28 10:47:23.968  WARN 3232 --- [main] JpaBaseConfiguration$JpaWebConfiguration : spring.jpa.open-in-view is enabled by default. Therefore, database queries may be performed during view rendering. Explicitly configure spring.jpa.open-in-view to disable this warning
2024-03-28 10:47:24.104  INFO 3232 --- [main] o.s.b.a.w.s.WelcomePageHandlerMapping    : Adding welcome page: class path resource [static/index.html]
2024-03-28 10:47:24.213  INFO 3232 --- [main] o.s.b.w.embedded.tomcat.TomcatWebServer  : Tomcat started on port(s): 8081 (http) with context path ''
2024-03-28 10:47:24.220  INFO 3232 --- [main] s.a.ScheduledAnnotationBeanPostProcessor : No TaskScheduler/ScheduledExecutorService bean found for scheduled processing
2024-03-28 10:47:24.226  INFO 3232 --- [main] c.r.centerctrl.CenterctrlApplication     : Started CenterctrlApplication in 2.232 seconds (JVM running for 2.922)
2024-03-28 10:54:27.881  INFO 3232 --- [http-nio-8081-exec-1] o.a.c.c.C.[Tomcat].[localhost].[/]       : Initializing Spring DispatcherServlet 'dispatcherServlet'
2024-03-28 10:54:27.887  INFO 3232 --- [http-nio-8081-exec-1] o.s.web.servlet.DispatcherServlet        : Initializing Servlet 'dispatcherServlet'
2024-03-28 10:54:27.936  INFO 3232 --- [http-nio-8081-exec-1] o.s.web.servlet.DispatcherServlet        : Completed initialization in 49 ms
2024-03-28 10:54:28.126  INFO 3232 --- [http-nio-8081-exec-1] c.r.c.service.MyWebSocketHandler         : 连接建立
2024-03-28 10:54:28.127  INFO 3232 --- [http-nio-8081-exec-1] c.r.c.service.MyWebSocketHandler         : sessions size:1
2024-03-28 10:54:28.245  INFO 3232 --- [http-nio-8081-exec-5] c.r.centerctrl.service.TcpClientService  : asciiBytes:[83, 116, 97, 116, 117, 115, 46]
2024-03-28 10:54:28.372  INFO 3232 --- [nioEventLoopGroup-2-1] .n.BootNettyChannelInboundHandlerAdapter : channelReadComplete:V: 08->001V: 05->002V: 07->003V: 08->004V: 06->005V: 05->006V: 07->007V: 08->008A: 08->001A: 02->002A: 06->003A: 05->004A: 02->005A: 04->005A: 09->005A: 02->006A: 15->006A: 02->007A: 14->007A: 15->007A: 02->008A: 02->009A: 02->010A: 02->011A: 16->011A: 02->012A: 02->013
2024-03-28 10:54:28.372  INFO 3232 --- [nioEventLoopGroup-2-1] .n.BootNettyChannelInboundHandlerAdapter : msg length:270
2024-03-28 10:54:28.373  INFO 3232 --- [nioEventLoopGroup-2-1] c.r.c.service.MyWebSocketHandler         : sessions size:1
2024-03-28 10:54:32.317  INFO 3232 --- [http-nio-8081-exec-3] c.r.c.service.MyWebSocketHandler         : 连接关闭
2024-03-28 10:54:35.034  INFO 3232 --- [http-nio-8081-exec-4] c.r.c.service.MyWebSocketHandler         : 连接建立
2024-03-28 10:54:35.034  INFO 3232 --- [http-nio-8081-exec-4] c.r.c.service.MyWebSocketHandler         : sessions size:1
2024-03-28 10:54:35.071  INFO 3232 --- [http-nio-8081-exec-7] c.r.centerctrl.service.TcpClientService  : asciiBytes:[83, 116, 97, 116, 117, 115, 46]
2024-03-28 10:54:35.131  INFO 3232 --- [nioEventLoopGroup-2-1] .n.BootNettyChannelInboundHandlerAdapter : channelReadComplete:V: 08->001V: 05->002V: 07->003V: 08->004V: 06->005V: 05->006V: 07->007V: 08->008A: 08->001A: 02->002A: 06->003A: 05->004A: 02->005A: 04->005A: 09->005A: 02->006A: 15->006A: 02->007A: 14->007A: 15->007A: 02->008A: 02->009A: 02->010A: 02->011A: 16->011A: 02->012A: 02->013
2024-03-28 10:54:35.131  INFO 3232 --- [nioEventLoopGroup-2-1] .n.BootNettyChannelInboundHandlerAdapter : msg length:270
2024-03-28 10:54:35.131  INFO 3232 --- [nioEventLoopGroup-2-1] c.r.c.service.MyWebSocketHandler         : sessions size:1
2024-03-28 10:55:10.424  INFO 3232 --- [SpringApplicationShutdownHook] c.r.c.service.MyWebSocketHandler         : 连接关闭
2024-03-28 10:55:10.450  INFO 3232 --- [SpringApplicationShutdownHook] j.LocalContainerEntityManagerFactoryBean : Closing JPA EntityManagerFactory for persistence unit 'default'
2024-03-28 10:55:10.458  INFO 3232 --- [SpringApplicationShutdownHook] com.zaxxer.hikari.HikariDataSource       : HikariPool-1 - Shutdown initiated...
2024-03-28 10:55:10.460  INFO 3232 --- [SpringApplicationShutdownHook] com.zaxxer.hikari.HikariDataSource       : HikariPool-1 - Shutdown completed.
